This is pdfTeX, Version 3.141592653-2.6-1.40.28 (MiKTeX 25.12) (preloaded format=pdflatex 2026.2.17)  17 FEB 2026 11:48
entering extended mode
 restricted \write18 enabled.
 %&-line parsing enabled.
**./bukped.tex
(bukped.tex
LaTeX2e <2025-11-01>
L3 programming layer <2025-12-24>
(C:\Users\Lenovo\AppData\Local\Programs\MiKTeX\tex/latex/base\report.cls
Document Class: report 2025/01/22 v1.4n Standard LaTeX document class
(C:\Users\Lenovo\AppData\Local\Programs\MiKTeX\tex/latex/base\size12.clo
File: size12.clo 2025/01/22 v1.4n Standard LaTeX file (size option)
)
\c@part=\count275
\c@chapter=\count276
\c@section=\count277
\c@subsection=\count278
\c@subsubsection=\count279
\c@paragraph=\count280
\c@subparagraph=\count281
\c@figure=\count282
\c@table=\count283
\abovecaptionskip=\skip49
\belowcaptionskip=\skip50
\bibindent=\dimen148
)
(C:\Users\Lenovo\AppData\Local\Programs\MiKTeX\tex/latex/base\inputenc.sty
Package: inputenc 2024/02/08 v1.3d Input encoding file
\inpenc@prehook=\toks17
\inpenc@posthook=\toks18
)
(C:\Users\Lenovo\AppData\Local\Programs\MiKTeX\tex/generic/babel\babel.sty
Package: babel 2025/12/11 v25.17 The multilingual framework for LuaLaTeX, pdfLa
TeX and XeLaTeX
\babel@savecnt=\count284
LaTeX Encoding Info:    Redeclaring text command \ij (encoding OT1) on input li
ne 2068.
LaTeX Encoding Info:    Redeclaring text command \IJ (encoding OT1) on input li
ne 2070.
LaTeX Encoding Info:    Redeclaring text command \ij (encoding T1) on input lin
e 2072.
LaTeX Encoding Info:    Redeclaring text command \IJ (encoding T1) on input lin
e 2073.
LaTeX Encoding Info:    Ignoring declaration for text command \ij (encoding ?) 
on input line 2074.
LaTeX Encoding Info:    Ignoring declaration for text command \IJ (encoding ?) 
on input line 2076.
LaTeX Encoding Info:    Ignoring declaration for text command \SS (encoding ?) 
on input line 2101.
\U@D=\dimen149
\l@unhyphenated=\language79

(C:\Users\Lenovo\AppData\Local\Programs\MiKTeX\tex/generic/babel\txtbabel.def)
\bbl@readstream=\read2
\bbl@dirlevel=\count285
Package babel Info: Configuration files are deprecated, as
(babel)             they can break document portability.
(babel)             Reported on input line 4196.

*************************************
* Local config file bblopts.cfg used
*
(C:\Users\Lenovo\AppData\Local\Programs\MiKTeX\tex/latex/arabi\bblopts.cfg
File: bblopts.cfg 2005/09/08 v0.1 add Arabic and Farsi to "declared" options of
 babel
)
(C:\Users\Lenovo\AppData\Local\Programs\MiKTeX\tex/generic/babel/locale/id\babe
l-indonesian.tex)
Package babel Info: Importing font and identification data for indonesian
(babel)             from babel-id.ini. Reported on input line 4320.

(C:\Users\Lenovo\AppData\Local\Programs\MiKTeX\tex/latex/babel-indonesian\indon
esian.ldf
Language: indonesian 2025/06/01 v1.0n Bahasa Indonesia support from the babel s
ystem
))
(C:\Users\Lenovo\AppData\Local\Programs\MiKTeX\tex/latex/graphics\graphicx.sty
Package: graphicx 2024/12/31 v1.2e Enhanced LaTeX Graphics (DPC,SPQR)

(C:\Users\Lenovo\AppData\Local\Programs\MiKTeX\tex/latex/graphics\keyval.sty
Package: keyval 2022/05/29 v1.15 key=value parser (DPC)
\KV@toks@=\toks19
)
(C:\Users\Lenovo\AppData\Local\Programs\MiKTeX\tex/latex/graphics\graphics.sty
Package: graphics 2024/08/06 v1.4g Standard LaTeX Graphics (DPC,SPQR)

(C:\Users\Lenovo\AppData\Local\Programs\MiKTeX\tex/latex/graphics\trig.sty
Package: trig 2023/12/02 v1.11 sin cos tan (DPC)
)
(C:\Users\Lenovo\AppData\Local\Programs\MiKTeX\tex/latex/graphics-cfg\graphics.
cfg
File: graphics.cfg 2016/06/04 v1.11 sample graphics configuration
)
Package graphics Info: Driver file: pdftex.def on input line 106.

(C:\Users\Lenovo\AppData\Local\Programs\MiKTeX\tex/latex/graphics-def\pdftex.de
f
File: pdftex.def 2025/09/29 v1.2d Graphics/color driver for pdftex
))
\Gin@req@height=\dimen150
\Gin@req@width=\dimen151
)
(C:\Users\Lenovo\AppData\Local\Programs\MiKTeX\tex/latex/setspace\setspace.sty
Package: setspace 2022/12/04 v6.7b set line spacing
) (C:\Users\Lenovo\AppData\Local\Programs\MiKTeX\tex/latex/geometry\geometry.st
y
Package: geometry 2020/01/02 v5.9 Page Geometry
(C:\Users\Lenovo\AppData\Local\Programs\MiKTeX\tex/generic/iftex\ifvtex.sty
Package: ifvtex 2019/10/25 v1.7 ifvtex legacy package. Use iftex instead.

(C:\Users\Lenovo\AppData\Local\Programs\MiKTeX\tex/generic/iftex\iftex.sty
Package: iftex 2024/12/12 v1.0g TeX engine tests
))
\Gm@cnth=\count286
\Gm@cntv=\count287
\c@Gm@tempcnt=\count288
\Gm@bindingoffset=\dimen152
\Gm@wd@mp=\dimen153
\Gm@odd@mp=\dimen154
\Gm@even@mp=\dimen155
\Gm@layoutwidth=\dimen156
\Gm@layoutheight=\dimen157
\Gm@layouthoffset=\dimen158
\Gm@layoutvoffset=\dimen159
\Gm@dimlist=\toks20

(C:\Users\Lenovo\AppData\Local\Programs\MiKTeX\tex/latex/geometry\geometry.cfg)
)
(C:\Users\Lenovo\AppData\Local\Programs\MiKTeX\tex/latex/titlesec\titlesec.sty
Package: titlesec 2025/01/04 v2.17 Sectioning titles
\ttl@box=\box53
\beforetitleunit=\skip51
\aftertitleunit=\skip52
\ttl@plus=\dimen160
\ttl@minus=\dimen161
\ttl@toksa=\toks21
\titlewidth=\dimen162
\titlewidthlast=\dimen163
\titlewidthfirst=\dimen164
) (C:\Users\Lenovo\AppData\Local\Programs\MiKTeX\tex/latex/tocloft\tocloft.sty
Package: tocloft 2017/08/31 v2.3i parameterised ToC, etc., typesetting
Package tocloft Info: The document has chapter divisions on input line 51.
\cftparskip=\skip53
\cftbeforetoctitleskip=\skip54
\cftaftertoctitleskip=\skip55
\cftbeforepartskip=\skip56
\cftpartnumwidth=\skip57
\cftpartindent=\skip58
\cftbeforechapskip=\skip59
\cftchapindent=\skip60
\cftchapnumwidth=\skip61
\cftbeforesecskip=\skip62
\cftsecindent=\skip63
\cftsecnumwidth=\skip64
\cftbeforesubsecskip=\skip65
\cftsubsecindent=\skip66
\cftsubsecnumwidth=\skip67
\cftbeforesubsubsecskip=\skip68
\cftsubsubsecindent=\skip69
\cftsubsubsecnumwidth=\skip70
\cftbeforeparaskip=\skip71
\cftparaindent=\skip72
\cftparanumwidth=\skip73
\cftbeforesubparaskip=\skip74
\cftsubparaindent=\skip75
\cftsubparanumwidth=\skip76
\cftbeforeloftitleskip=\skip77
\cftafterloftitleskip=\skip78
\cftbeforefigskip=\skip79
\cftfigindent=\skip80
\cftfignumwidth=\skip81
\c@lofdepth=\count289
\c@lotdepth=\count290
\cftbeforelottitleskip=\skip82
\cftafterlottitleskip=\skip83
\cftbeforetabskip=\skip84
\cfttabindent=\skip85
\cfttabnumwidth=\skip86
)
(C:\Users\Lenovo\AppData\Local\Programs\MiKTeX\tex/latex/hyperref\hyperref.sty
Package: hyperref 2025-07-12 v7.01o Hypertext links for LaTeX

(C:\Users\Lenovo\AppData\Local\Programs\MiKTeX\tex/latex/kvsetkeys\kvsetkeys.st
y
Package: kvsetkeys 2022-10-05 v1.19 Key value parser (HO)
)
(C:\Users\Lenovo\AppData\Local\Programs\MiKTeX\tex/generic/kvdefinekeys\kvdefin
ekeys.sty
Package: kvdefinekeys 2019-12-19 v1.6 Define keys (HO)
)
(C:\Users\Lenovo\AppData\Local\Programs\MiKTeX\tex/generic/pdfescape\pdfescape.
sty
Package: pdfescape 2019/12/09 v1.15 Implements pdfTeX's escape features (HO)

(C:\Users\Lenovo\AppData\Local\Programs\MiKTeX\tex/generic/ltxcmds\ltxcmds.sty
Package: ltxcmds 2023-12-04 v1.26 LaTeX kernel commands for general use (HO)
)
(C:\Users\Lenovo\AppData\Local\Programs\MiKTeX\tex/generic/pdftexcmds\pdftexcmd
s.sty
Package: pdftexcmds 2020-06-27 v0.33 Utility functions of pdfTeX for LuaTeX (HO
)

(C:\Users\Lenovo\AppData\Local\Programs\MiKTeX\tex/generic/infwarerr\infwarerr.
sty
Package: infwarerr 2019/12/03 v1.5 Providing info/warning/error messages (HO)
)
Package pdftexcmds Info: \pdf@primitive is available.
Package pdftexcmds Info: \pdf@ifprimitive is available.
Package pdftexcmds Info: \pdfdraftmode found.
))
(C:\Users\Lenovo\AppData\Local\Programs\MiKTeX\tex/latex/hycolor\hycolor.sty
Package: hycolor 2020-01-27 v1.10 Color options for hyperref/bookmark (HO)
)
(C:\Users\Lenovo\AppData\Local\Programs\MiKTeX\tex/latex/hyperref\nameref.sty
Package: nameref 2025-06-21 v2.57 Cross-referencing by name of section

(C:\Users\Lenovo\AppData\Local\Programs\MiKTeX\tex/latex/refcount\refcount.sty
Package: refcount 2019/12/15 v3.6 Data extraction from label references (HO)
)
(C:\Users\Lenovo\AppData\Local\Programs\MiKTeX\tex/generic/gettitlestring\getti
tlestring.sty
Package: gettitlestring 2019/12/15 v1.6 Cleanup title references (HO)

(C:\Users\Lenovo\AppData\Local\Programs\MiKTeX\tex/latex/kvoptions\kvoptions.st
y
Package: kvoptions 2022-06-15 v3.15 Key value format for package options (HO)
))
\c@section@level=\count291
)
(C:\Users\Lenovo\AppData\Local\Programs\MiKTeX\tex/latex/etoolbox\etoolbox.sty
Package: etoolbox 2025/10/02 v2.5m e-TeX tools for LaTeX (JAW)
\etb@tempcnta=\count292
)
(C:\Users\Lenovo\AppData\Local\Programs\MiKTeX\tex/generic/stringenc\stringenc.
sty
Package: stringenc 2019/11/29 v1.12 Convert strings between diff. encodings (HO
)
)
\@linkdim=\dimen165
\Hy@linkcounter=\count293
\Hy@pagecounter=\count294

(C:\Users\Lenovo\AppData\Local\Programs\MiKTeX\tex/latex/hyperref\pd1enc.def
File: pd1enc.def 2025-07-12 v7.01o Hyperref: PDFDocEncoding definition (HO)
Now handling font encoding PD1 ...
... no UTF-8 mapping file for font encoding PD1
)
(C:\Users\Lenovo\AppData\Local\Programs\MiKTeX\tex/generic/intcalc\intcalc.sty
Package: intcalc 2019/12/15 v1.3 Expandable calculations with integers (HO)
)
\Hy@SavedSpaceFactor=\count295
(C:\Users\Lenovo\AppData\Local\Programs\MiKTeX\tex/latex/hyperref\puenc.def
File: puenc.def 2025-07-12 v7.01o Hyperref: PDF Unicode definition (HO)
Now handling font encoding PU ...
... no UTF-8 mapping file for font encoding PU
)
Package hyperref Info: Hyper figures OFF on input line 4195.
Package hyperref Info: Link nesting OFF on input line 4200.
Package hyperref Info: Hyper index ON on input line 4203.
Package hyperref Info: Plain pages OFF on input line 4210.
Package hyperref Info: Backreferencing OFF on input line 4215.
Package hyperref Info: Implicit mode ON; LaTeX internals redefined.
Package hyperref Info: Bookmarks ON on input line 4462.
\c@Hy@tempcnt=\count296

(C:\Users\Lenovo\AppData\Local\Programs\MiKTeX\tex/latex/url\url.sty
\Urlmuskip=\muskip17
Package: url 2013/09/16  ver 3.4  Verb mode for urls, etc.
)
LaTeX Info: Redefining \url on input line 4801.
\XeTeXLinkMargin=\dimen166

(C:\Users\Lenovo\AppData\Local\Programs\MiKTeX\tex/generic/bitset\bitset.sty
Package: bitset 2019/12/09 v1.3 Handle bit-vector datatype (HO)

(C:\Users\Lenovo\AppData\Local\Programs\MiKTeX\tex/generic/bigintcalc\bigintcal
c.sty
Package: bigintcalc 2019/12/15 v1.5 Expandable calculations on big integers (HO
)
))
\Fld@menulength=\count297
\Field@Width=\dimen167
\Fld@charsize=\dimen168
Package hyperref Info: Hyper figures OFF on input line 6078.
Package hyperref Info: Link nesting OFF on input line 6083.
Package hyperref Info: Hyper index ON on input line 6086.
Package hyperref Info: backreferencing OFF on input line 6093.
Package hyperref Info: Link coloring OFF on input line 6098.
Package hyperref Info: Link coloring with OCG OFF on input line 6103.
Package hyperref Info: PDF/A mode OFF on input line 6108.
\Hy@abspage=\count298
\c@Item=\count299
\c@Hfootnote=\count300
)
Package hyperref Info: Driver (autodetected): hpdftex.

(C:\Users\Lenovo\AppData\Local\Programs\MiKTeX\tex/latex/hyperref\hpdftex.def
File: hpdftex.def 2025-07-12 v7.01o Hyperref driver for pdfTeX
\Fld@listcount=\count301
\c@bookmark@seq@number=\count302

(C:\Users\Lenovo\AppData\Local\Programs\MiKTeX\tex/latex/rerunfilecheck\rerunfi
lecheck.sty
Package: rerunfilecheck 2025-06-21 v1.11 Rerun checks for auxiliary files (HO)

(C:\Users\Lenovo\AppData\Local\Programs\MiKTeX\tex/generic/uniquecounter\unique
counter.sty
Package: uniquecounter 2019/12/15 v1.4 Provide unlimited unique counter (HO)
)
Package uniquecounter Info: New unique counter `rerunfilecheck' on input line 2
84.
)
\Hy@SectionHShift=\skip87
)
(C:\Users\Lenovo\AppData\Local\Programs\MiKTeX\tex/latex/apacite\apacite.sty
Package: apacite 2013/07/21 v6.03 APA citation
\c@BibCnt=\count303
\bibleftmargin=\skip88
\bibindent=\skip89
\bibparsep=\skip90
\bibitemsep=\skip91
\biblabelsep=\skip92
)
(C:\Users\Lenovo\AppData\Local\Programs\MiKTeX\tex/latex/caption\caption.sty
Package: caption 2023/08/05 v3.6o Customizing captions (AR)

(C:\Users\Lenovo\AppData\Local\Programs\MiKTeX\tex/latex/caption\caption3.sty
Package: caption3 2023/07/31 v2.4d caption3 kernel (AR)
\caption@tempdima=\dimen169
\captionmargin=\dimen170
\caption@leftmargin=\dimen171
\caption@rightmargin=\dimen172
\caption@width=\dimen173
\caption@indent=\dimen174
\caption@parindent=\dimen175
\caption@hangindent=\dimen176
Package caption Info: Standard document class detected.
)
\c@caption@flags=\count304
\c@continuedfloat=\count305
Package caption Info: hyperref package is loaded.
) (C:\Users\Lenovo\AppData\Local\Programs\MiKTeX\tex/latex/float\float.sty
Package: float 2001/11/08 v1.3d Float enhancements (AL)
\c@float@type=\count306
\float@exts=\toks22
\float@box=\box54
\@float@everytoks=\toks23
\@floatcapt=\box55
)
(C:\Users\Lenovo\AppData\Local\Programs\MiKTeX\tex/latex/enumitem\enumitem.sty
Package: enumitem 2025/02/06 v3.11 Customized lists
\labelindent=\skip93
\enit@outerparindent=\dimen177
\enit@toks=\toks24
\enit@inbox=\box56
\enit@count@id=\count307
\enitdp@description=\count308
)
(C:\Users\Lenovo\AppData\Local\Programs\MiKTeX\tex/latex/l3backend\l3backend-pd
ftex.def
File: l3backend-pdftex.def 2025-10-09 L3 backend support: PDF output (pdfTeX)
\l__color_backend_stack_int=\count309
) (bukped.aux)
\openout1 = `bukped.aux'.

LaTeX Font Info:    Checking defaults for OML/cmm/m/it on input line 21.
LaTeX Font Info:    ... okay on input line 21.
LaTeX Font Info:    Checking defaults for OMS/cmsy/m/n on input line 21.
LaTeX Font Info:    ... okay on input line 21.
LaTeX Font Info:    Checking defaults for OT1/cmr/m/n on input line 21.
LaTeX Font Info:    ... okay on input line 21.
LaTeX Font Info:    Checking defaults for T1/cmr/m/n on input line 21.
LaTeX Font Info:    ... okay on input line 21.
LaTeX Font Info:    Checking defaults for TS1/cmr/m/n on input line 21.
LaTeX Font Info:    ... okay on input line 21.
LaTeX Font Info:    Checking defaults for OMX/cmex/m/n on input line 21.
LaTeX Font Info:    ... okay on input line 21.
LaTeX Font Info:    Checking defaults for U/cmr/m/n on input line 21.
LaTeX Font Info:    ... okay on input line 21.
LaTeX Font Info:    Checking defaults for PD1/pdf/m/n on input line 21.
LaTeX Font Info:    ... okay on input line 21.
LaTeX Font Info:    Checking defaults for PU/pdf/m/n on input line 21.
LaTeX Font Info:    ... okay on input line 21.

(C:\Users\Lenovo\AppData\Local\Programs\MiKTeX\tex/context/base/mkii\supp-pdf.m
kii
[Loading MPS to PDF converter (version 2006.09.02).]
\scratchcounter=\count310
\scratchdimen=\dimen178
\scratchbox=\box57
\nofMPsegments=\count311
\nofMParguments=\count312
\everyMPshowfont=\toks25
\MPscratchCnt=\count313
\MPscratchDim=\dimen179
\MPnumerator=\count314
\makeMPintoPDFobject=\count315
\everyMPtoPDFconversion=\toks26
)
(C:\Users\Lenovo\AppData\Local\Programs\MiKTeX\tex/latex/epstopdf-pkg\epstopdf-
base.sty
Package: epstopdf-base 2020-01-24 v2.11 Base part for package epstopdf
Package epstopdf-base Info: Redefining graphics rule for `.eps' on input line 4
85.

(C:\Users\Lenovo\AppData\Local\Programs\MiKTeX\tex/latex/00miktex\epstopdf-sys.
cfg
File: epstopdf-sys.cfg 2021/03/18 v2.0 Configuration of epstopdf for MiKTeX
))
*geometry* driver: auto-detecting
*geometry* detected driver: pdftex
*geometry* verbose mode - [ preamble ] result:
* driver: pdftex
* paper: a4paper
* layout: <same size as paper>
* layoutoffset:(h,v)=(0.0pt,0.0pt)
* modes: 
* h-part:(L,W,R)=(113.81102pt, 398.3386pt, 85.35826pt)
* v-part:(T,H,B)=(85.35826pt, 674.33032pt, 85.35826pt)
* \paperwidth=597.50787pt
* \paperheight=845.04684pt
* \textwidth=398.3386pt
* \textheight=674.33032pt
* \oddsidemargin=41.54103pt
* \evensidemargin=41.54103pt
* \topmargin=-23.91173pt
* \headheight=12.0pt
* \headsep=25.0pt
* \topskip=12.0pt
* \footskip=30.0pt
* \marginparwidth=35.0pt
* \marginparsep=10.0pt
* \columnsep=10.0pt
* \skip\footins=10.8pt plus 4.0pt minus 2.0pt
* \hoffset=0.0pt
* \voffset=0.0pt
* \mag=1000
* \@twocolumnfalse
* \@twosidefalse
* \@mparswitchfalse
* \@reversemarginfalse
* (1in=72.27pt=25.4mm, 1cm=28.453pt)

Package hyperref Info: Link coloring OFF on input line 21.
(bukped.out) (bukped.out)
\@outlinefile=\write3
\openout3 = `bukped.out'.

\c@maskedRefs=\count316


Package apacite Warning: No suitable language definition file (indonesian.apc) 
found.

Package caption Info: Begin \AtBeginDocument code.
Package caption Info: float package is loaded.
Package caption Info: End \AtBeginDocument code.
<images/ulbi.png, id=125, 341.1144pt x 120.45pt>
File: images/ulbi.png Graphic file (type png)
<use images/ulbi.png>
Package pdftex.def Info: images/ulbi.png  used on input line 43.
(pdftex.def)             Requested size: 239.00558pt x 84.39528pt.
[1

{C:/Users/Lenovo/AppData/Local/MiKTeX/fonts/map/pdftex/pdftex.map} <./images/ul
bi.png>]
LaTeX Font Info:    External font `cmex10' loaded for size
(Font)              <12> on input line 73.
LaTeX Font Info:    External font `cmex10' loaded for size
(Font)              <8> on input line 73.
LaTeX Font Info:    External font `cmex10' loaded for size
(Font)              <6> on input line 73.

pdfTeX warning (ext4): destination with the same identifier (name{page.1}) has 
been already used, duplicate ignored
<to be read again> 
                   \relax 
l.104 \end{titlepage}
                      [1]
pdfTeX warning (ext4): destination with the same identifier (name{page.1}) has 
been already used, duplicate ignored
<to be read again> 
                   \relax 
l.150 \end{center}
                   [1]
pdfTeX warning (ext4): destination with the same identifier (name{page.1}) has 
been already used, duplicate ignored
<to be read again> 
                   \relax 
l.197 \end{center}
                   [1] (chapters/abstrak.tex)
pdfTeX warning (ext4): destination with the same identifier (name{page.1}) has 
been already used, duplicate ignored
<to be read again> 
                   \relax 
l.209 \clearpage
                 [1] (chapters/abstract.tex) [2

] [3

] (bukped.toc [4

])
\tf@toc=\write4
\openout4 = `bukped.toc'.

 [5]
(bukped.lot)
\tf@lot=\write5
\openout5 = `bukped.lot'.

 [6

] (bukped.lof)
\tf@lof=\write6
\openout6 = `bukped.lof'.

 [7

] (chapters/bab1.tex [8

]
Bab 1.
[9

] [10]) [11] (chapters/bab2.tex [12]
Bab 2.
[13

] [14]
<images/usecase/usecase.png, id=305, 159.651pt x 90.3375pt>
File: images/usecase/usecase.png Graphic file (type png)
<use images/usecase/usecase.png>
Package pdftex.def Info: images/usecase/usecase.png  used on input line 55.
(pdftex.def)             Requested size: 71.13188pt x 40.24898pt.
<images/usecase/actor.png, id=306, 54.2025pt x 106.14656pt>
File: images/usecase/actor.png Graphic file (type png)
<use images/usecase/actor.png>
Package pdftex.def Info: images/usecase/actor.png  used on input line 58.
(pdftex.def)             Requested size: 56.9055pt x 111.44583pt.
<images/usecase/association.png, id=307, 159.651pt x 21.024pt>
File: images/usecase/association.png Graphic file (type png)
<use images/usecase/association.png>
Package pdftex.def Info: images/usecase/association.png  used on input line 61.

(pdftex.def)             Requested size: 85.35826pt x 11.2405pt.
<images/usecase/association_arrow.png, id=308, 159.651pt x 32.193pt>
File: images/usecase/association_arrow.png Graphic file (type png)
<use images/usecase/association_arrow.png>
Package pdftex.def Info: images/usecase/association_arrow.png  used on input li
ne 64.
(pdftex.def)             Requested size: 85.35826pt x 17.21202pt.
<images/usecase/include.png, id=309, 159.651pt x 36.792pt>
File: images/usecase/include.png Graphic file (type png)
<use images/usecase/include.png>
Package pdftex.def Info: images/usecase/include.png  used on input line 67.
(pdftex.def)             Requested size: 85.35826pt x 19.67088pt.
<images/usecase/extend.png, id=310, 159.651pt x 39.0915pt>
File: images/usecase/extend.png Graphic file (type png)
<use images/usecase/extend.png>
Package pdftex.def Info: images/usecase/extend.png  used on input line 70.
(pdftex.def)             Requested size: 85.35826pt x 20.90031pt.
 [15]
<images/activity_diagram/start.png, id=322, 35.1495pt x 83.439pt>
File: images/activity_diagram/start.png Graphic file (type png)
<use images/activity_diagram/start.png>
Package pdftex.def Info: images/activity_diagram/start.png  used on input line 
88.
(pdftex.def)             Requested size: 42.67912pt x 101.31541pt.
<images/activity_diagram/end.png, id=323, 60.1155pt x 60.1155pt>
File: images/activity_diagram/end.png Graphic file (type png)
<use images/activity_diagram/end.png>
Package pdftex.def Info: images/activity_diagram/end.png  used on input line 91
.
(pdftex.def)             Requested size: 42.67912pt x 42.68045pt.
<images/activity_diagram/activity.png, id=324, 100.8495pt x 43.6905pt>
File: images/activity_diagram/activity.png Graphic file (type png)
<use images/activity_diagram/activity.png>
Package pdftex.def Info: images/activity_diagram/activity.png  used on input li
ne 94.
(pdftex.def)             Requested size: 85.35826pt x 36.98108pt.
<images/activity_diagram/fork.png, id=325, 48.18pt x 4.818pt>
File: images/activity_diagram/fork.png Graphic file (type png)
<use images/activity_diagram/fork.png>
Package pdftex.def Info: images/activity_diagram/fork.png  used on input line 9
7.
(pdftex.def)             Requested size: 85.35826pt x 8.53575pt.
<images/activity_diagram/decision.png, id=326, 60.7725pt x 60.7725pt>
File: images/activity_diagram/decision.png Graphic file (type png)
<use images/activity_diagram/decision.png>
Package pdftex.def Info: images/activity_diagram/decision.png  used on input li
ne 100.
(pdftex.def)             Requested size: 71.13188pt x 71.13968pt.
<images/activity_diagram/lane.png, id=327, 117.9315pt x 101.835pt>
File: images/activity_diagram/lane.png Graphic file (type png)
<use images/activity_diagram/lane.png>
Package pdftex.def Info: images/activity_diagram/lane.png  used on input line 1
03.
(pdftex.def)             Requested size: 85.35826pt x 73.70805pt.
 [16 <./images/usecase/usecase.png> <./images/usecase/actor.png> <./images/usec
ase/association.png> <./images/usecase/association_arrow.png> <./images/usecase
/include.png> <./images/usecase/extend.png>]
<images/sequence/entity.png, id=341, 65.3715pt x 65.3715pt>
File: images/sequence/entity.png Graphic file (type png)
<use images/sequence/entity.png>
Package pdftex.def Info: images/sequence/entity.png  used on input line 121.
(pdftex.def)             Requested size: 56.9055pt x 56.90564pt.
<images/sequence/boundary.png, id=342, 68.6565pt x 58.8015pt>
File: images/sequence/boundary.png Graphic file (type png)
<use images/sequence/boundary.png>
Package pdftex.def Info: images/sequence/boundary.png  used on input line 124.
(pdftex.def)             Requested size: 56.9055pt x 48.73703pt.
<images/sequence/control.png, id=343, 62.0865pt x 62.0865pt>
File: images/sequence/control.png Graphic file (type png)
<use images/sequence/control.png>
Package pdftex.def Info: images/sequence/control.png  used on input line 127.
(pdftex.def)             Requested size: 56.9055pt x 56.9052pt.
<images/sequence/message.png, id=344, 120.5595pt x 46.647pt>
File: images/sequence/message.png Graphic file (type png)
<use images/sequence/message.png>
Package pdftex.def Info: images/sequence/message.png  used on input line 130.
(pdftex.def)             Requested size: 85.35826pt x 33.02777pt.
<images/sequence/recursive.png, id=345, 60.1155pt x 80.811pt>
File: images/sequence/recursive.png Graphic file (type png)
<use images/sequence/recursive.png>
Package pdftex.def Info: images/sequence/recursive.png  used on input line 133.

(pdftex.def)             Requested size: 85.35826pt x 114.75487pt.
<images/sequence/activation.png, id=346, 25.623pt x 83.439pt>
File: images/sequence/activation.png Graphic file (type png)
<use images/sequence/activation.png>
Package pdftex.def Info: images/sequence/activation.png  used on input line 136
.
(pdftex.def)             Requested size: 56.9055pt x 185.32077pt.
<images/sequence/lifeline.png, id=347, 75.2265pt x 196.1145pt>
File: images/sequence/lifeline.png Graphic file (type png)
<use images/sequence/lifeline.png>
Package pdftex.def Info: images/sequence/lifeline.png  used on input line 139.
(pdftex.def)             Requested size: 56.9055pt x 148.35728pt.
 [17 <./images/activity_diagram/start.png> <./images/activity_diagram/end.png> 
<./images/activity_diagram/activity.png> <./images/activity_diagram/fork.png> <
./images/activity_diagram/decision.png> <./images/activity_diagram/lane.png>]
Overfull \vbox (179.52258pt too high) has occurred while \output is active []


[18 <./images/sequence/entity.png> <./images/sequence/boundary.png> <./images/s
equence/control.png> <./images/sequence/message.png> <./images/sequence/recursi
ve.png> <./images/sequence/activation.png> <./images/sequence/lifeline.png>]
<images/deployment/component.png, id=371, 103.88812pt x 61.73062pt>
File: images/deployment/component.png Graphic file (type png)
<use images/deployment/component.png>
Package pdftex.def Info: images/deployment/component.png  used on input line 15
7.
(pdftex.def)             Requested size: 85.35826pt x 50.72209pt.
<images/deployment/module.png, id=372, 101.62968pt x 49.68562pt>
File: images/deployment/module.png Graphic file (type png)
<use images/deployment/module.png>
Package pdftex.def Info: images/deployment/module.png  used on input line 160.
(pdftex.def)             Requested size: 85.35826pt x 41.73184pt.
<images/deployment/node.png, id=373, 103.88812pt x 77.53969pt>
File: images/deployment/node.png Graphic file (type png)
<use images/deployment/node.png>
Package pdftex.def Info: images/deployment/node.png  used on input line 163.
(pdftex.def)             Requested size: 85.35826pt x 63.7119pt.
<images/deployment/package.png, id=374, 100.87688pt x 79.04532pt>
File: images/deployment/package.png Graphic file (type png)
<use images/deployment/package.png>
Package pdftex.def Info: images/deployment/package.png  used on input line 166.

(pdftex.def)             Requested size: 85.35826pt x 66.88608pt.
<images/deployment/dependency.png, id=375, 112.92188pt x 26.34843pt>
File: images/deployment/dependency.png Graphic file (type png)
<use images/deployment/dependency.png>
Package pdftex.def Info: images/deployment/dependency.png  used on input line 1
69.
(pdftex.def)             Requested size: 85.35826pt x 19.91806pt.

Underfull \hbox (badness 1142) in paragraph at lines 170--170
[]\OT1/cmr/m/n/12 Kebergantungan me-nun-jukk-an hu-bung-an an-tar
 []

<images/deployment/relation.png, id=376, 91.84312pt x 16.56187pt>
File: images/deployment/relation.png Graphic file (type png)
<use images/deployment/relation.png>
Package pdftex.def Info: images/deployment/relation.png  used on input line 172
.
(pdftex.def)             Requested size: 85.35826pt x 15.39352pt.
) [19 <./images/deployment/component.png> <./images/deployment/module.png> <./i
mages/deployment/node.png> <./images/deployment/package.png> <./images/deployme
nt/dependency.png> <./images/deployment/relation.png>] (chapters/bab3.tex)
(chapters/bab4.tex) (chapters/bab5.tex) (bukped.bbl [20]) [21

] (bukped.aux)
 ***********
LaTeX2e <2025-11-01>
L3 programming layer <2025-12-24>
 ***********
Package rerunfilecheck Info: File `bukped.out' has not changed.
(rerunfilecheck)             Checksum: 0D2E774A11A94886EE3919F1FE6B5D08;4318.
 ) 
Here is how much of TeX's memory you used:
 13170 strings out of 467870
 218440 string characters out of 5417871
 652564 words of memory out of 5000000
 41812 multiletter control sequences out of 15000+600000
 633097 words of font info for 58 fonts, out of 8000000 for 9000
 1141 hyphenation exceptions out of 8191
 75i,12n,79p,1136b,589s stack positions out of 10000i,1000n,20000p,200000b,200000s
<C:/Users/Lenovo/AppData/Local/Programs/MiKTeX/fonts/type1/public/amsfonts/cm
/cmbx12.pfb><C:/Users/Lenovo/AppData/Local/Programs/MiKTeX/fonts/type1/public/a
msfonts/cm/cmr12.pfb><C:/Users/Lenovo/AppData/Local/Programs/MiKTeX/fonts/type1
/public/amsfonts/cm/cmti12.pfb><C:/Users/Lenovo/AppData/Local/Programs/MiKTeX/f
onts/type1/public/amsfonts/cm/cmtt12.pfb>
Output written on bukped.pdf (25 pages, 250657 bytes).
PDF statistics:
 440 PDF objects out of 1000 (max. 8388607)
 81 named destinations out of 1000 (max. 500000)
 387 words of extra memory for PDF output out of 10000 (max. 10000000)

