\BOOKMARK [0][-]{Item.6}{\376\377\000A\000B\000S\000T\000R\000A\000K}{}% 1
\BOOKMARK [0][-]{Item.6}{\376\377\000A\000B\000S\000T\000R\000A\000C\000T}{}% 2
\BOOKMARK [0][-]{Item.6}{\376\377\000K\000A\000T\000A\000\040\000P\000E\000N\000G\000A\000N\000T\000A\000R}{}% 3
\BOOKMARK [0][-]{Item.6}{\376\377\000B\000A\000B\000\040\000I\000\040\000P\000E\000N\000D\000A\000H\000U\000L\000U\000A\000N}{}% 4
\BOOKMARK [1][-]{section.0.1}{\376\377\000L\000a\000t\000a\000r\000\040\000B\000e\000l\000a\000k\000a\000n\000g}{Item.6}% 5
\BOOKMARK [1][-]{section.0.2}{\376\377\000I\000d\000e\000n\000t\000i\000f\000i\000k\000a\000s\000i\000\040\000M\000a\000s\000a\000l\000a\000h}{Item.6}% 6
\BOOKMARK [1][-]{section.0.3}{\376\377\000T\000u\000j\000u\000a\000n}{Item.6}% 7
\BOOKMARK [1][-]{section.0.4}{\376\377\000R\000u\000a\000n\000g\000\040\000L\000i\000n\000g\000k\000u\000p}{Item.6}% 8
\BOOKMARK [2][-]{subsection.0.4.1}{\376\377\000C\000a\000k\000u\000p\000a\000n\000\040\000F\000u\000n\000g\000s\000i\000o\000n\000a\000l}{section.0.4}% 9
\BOOKMARK [2][-]{subsection.0.4.2}{\376\377\000C\000a\000k\000u\000p\000a\000n\000\040\000T\000e\000k\000n\000i\000s}{section.0.4}% 10
\BOOKMARK [2][-]{subsection.0.4.3}{\376\377\000C\000a\000k\000u\000p\000a\000n\000\040\000P\000e\000n\000g\000u\000j\000i\000a\000n}{section.0.4}% 11
\BOOKMARK [2][-]{subsection.0.4.4}{\376\377\000B\000a\000t\000a\000s\000a\000n\000\040\000P\000e\000n\000e\000l\000i\000t\000i\000a\000n}{section.0.4}% 12
\BOOKMARK [2][-]{subsection.0.4.5}{\376\377\000L\000u\000a\000r\000a\000n\000\040\000P\000e\000n\000e\000l\000i\000t\000i\000a\000n}{section.0.4}% 13
\BOOKMARK [1][-]{section.0.5}{\376\377\000S\000i\000s\000t\000e\000m\000a\000t\000i\000k\000a\000\040\000P\000e\000n\000u\000l\000i\000s\000a\000n}{Item.6}% 14
\BOOKMARK [0][-]{Item.35}{\376\377\000B\000A\000B\000\040\000I\000I\000\040\000L\000A\000N\000D\000A\000S\000A\000N\000\040\000T\000E\000O\000R\000I}{}% 15
\BOOKMARK [1][-]{section.0.6}{\376\377\000P\000l\000a\000t\000f\000o\000r\000m\000\040\000D\000o\000n\000a\000s\000i\000\040\000D\000i\000g\000i\000t\000a\000l}{Item.35}% 16
\BOOKMARK [1][-]{section.0.7}{\376\377\000A\000r\000s\000i\000t\000e\000k\000t\000u\000r\000\040\000A\000p\000l\000i\000k\000a\000s\000i\000\040\000W\000e\000b\000\040\000M\000o\000d\000e\000r\000n}{Item.35}% 17
\BOOKMARK [2][-]{subsection.0.7.1}{\376\377\000A\000r\000s\000i\000t\000e\000k\000t\000u\000r\000\040\000T\000h\000r\000e\000e\000-\000T\000i\000e\000r\000/\000N\000-\000T\000i\000e\000r}{section.0.7}% 18
\BOOKMARK [2][-]{subsection.0.7.2}{\376\377\000K\000o\000n\000s\000e\000p\000\040\000C\000l\000i\000e\000n\000t\000-\000S\000e\000r\000v\000e\000r}{section.0.7}% 19
\BOOKMARK [1][-]{section.0.8}{\376\377\000R\000E\000S\000T\000\040\000A\000P\000I\000\040\000d\000a\000n\000\040\000P\000r\000o\000t\000o\000k\000o\000l\000\040\000H\000T\000T\000P}{Item.35}% 20
\BOOKMARK [1][-]{section.0.9}{\376\377\000A\000u\000t\000e\000n\000t\000i\000k\000a\000s\000i\000\040\000d\000a\000n\000\040\000O\000t\000o\000r\000i\000s\000a\000s\000i}{Item.35}% 21
\BOOKMARK [2][-]{subsection.0.9.1}{\376\377\000O\000A\000u\000t\000h\000\040\0002\000.\0000}{section.0.9}% 22
\BOOKMARK [2][-]{subsection.0.9.2}{\376\377\000O\000p\000e\000n\000I\000D\000\040\000C\000o\000n\000n\000e\000c\000t}{section.0.9}% 23
\BOOKMARK [2][-]{subsection.0.9.3}{\376\377\000J\000W\000T}{section.0.9}% 24
\BOOKMARK [2][-]{subsection.0.9.4}{\376\377\000S\000k\000e\000m\000a\000\040\000B\000e\000a\000r\000e\000r\000\040\000T\000o\000k\000e\000n}{section.0.9}% 25
\BOOKMARK [2][-]{subsection.0.9.5}{\376\377\000K\000e\000a\000m\000a\000n\000a\000n\000\040\000A\000P\000I}{section.0.9}% 26
\BOOKMARK [1][-]{section.0.10}{\376\377\000D\000a\000t\000a\000b\000a\000s\000e\000\040\000N\000o\000S\000Q\000L\000\040\000\050\000M\000o\000n\000g\000o\000D\000B\000\051}{Item.35}% 27
\BOOKMARK [1][-]{section.0.11}{\376\377\000U\000n\000i\000f\000i\000e\000d\000\040\000M\000o\000d\000e\000l\000i\000n\000g\000\040\000L\000a\000n\000g\000u\000a\000g\000e\000\040\000\050\000U\000M\000L\000\051}{Item.35}% 28
\BOOKMARK [2][-]{subsection.0.11.1}{\376\377\000U\000s\000e\000\040\000C\000a\000s\000e\000\040\000D\000i\000a\000g\000r\000a\000m}{section.0.11}% 29
\BOOKMARK [2][-]{subsection.0.11.2}{\376\377\000A\000c\000t\000i\000v\000i\000t\000y\000\040\000D\000i\000a\000g\000r\000a\000m}{section.0.11}% 30
\BOOKMARK [2][-]{subsection.0.11.3}{\376\377\000S\000e\000q\000u\000e\000n\000c\000e\000\040\000D\000i\000a\000g\000r\000a\000m}{section.0.11}% 31
\BOOKMARK [2][-]{subsection.0.11.4}{\376\377\000C\000l\000a\000s\000s\000\040\000D\000i\000a\000g\000r\000a\000m}{section.0.11}% 32
\BOOKMARK [0][-]{subsection.0.11.4}{\376\377\000B\000A\000B\000\040\000I\000I\000I\000\040\000M\000E\000T\000O\000D\000E\000\040\000P\000E\000N\000E\000L\000I\000T\000I\000A\000N}{}% 33
\BOOKMARK [1][-]{section.0.12}{\376\377\000M\000e\000t\000o\000d\000e\000\040\000P\000e\000n\000g\000e\000m\000b\000a\000n\000g\000a\000n\000\040\000S\000i\000s\000t\000e\000m}{subsection.0.11.4}% 34
\BOOKMARK [2][-]{subsection.0.12.1}{\376\377\000K\000o\000n\000s\000e\000p\000\040\000A\000g\000i\000l\000e\000\040\000D\000e\000v\000e\000l\000o\000p\000m\000e\000n\000t}{section.0.12}% 35
\BOOKMARK [2][-]{subsection.0.12.2}{\376\377\000A\000l\000u\000r\000\040\000I\000t\000e\000r\000a\000s\000i\000\040\000P\000e\000n\000g\000e\000m\000b\000a\000n\000g\000a\000n}{section.0.12}% 36
\BOOKMARK [2][-]{subsection.0.12.3}{\376\377\000P\000e\000n\000e\000r\000a\000p\000a\000n\000\040\000A\000g\000i\000l\000e\000\040\000p\000a\000d\000a\000\040\000P\000r\000o\000y\000e\000k\000\040\000N\000y\000u\000m\000b\000a\000n\000g\000i\000n}{section.0.12}% 37
\BOOKMARK [1][-]{section.0.13}{\376\377\000A\000n\000a\000l\000i\000s\000i\000s\000\040\000K\000e\000b\000u\000t\000u\000h\000a\000n}{subsection.0.11.4}% 38
\BOOKMARK [2][-]{subsection.0.13.1}{\376\377\000S\000u\000m\000b\000e\000r\000\040\000K\000e\000b\000u\000t\000u\000h\000a\000n}{section.0.13}% 39
\BOOKMARK [2][-]{subsection.0.13.2}{\376\377\000K\000e\000b\000u\000t\000u\000h\000a\000n\000\040\000F\000u\000n\000g\000s\000i\000o\000n\000a\000l}{section.0.13}% 40
\BOOKMARK [2][-]{subsection.0.13.3}{\376\377\000K\000e\000b\000u\000t\000u\000h\000a\000n\000\040\000N\000o\000n\000-\000F\000u\000n\000g\000s\000i\000o\000n\000a\000l}{section.0.13}% 41
\BOOKMARK [1][-]{section.0.14}{\376\377\000P\000e\000r\000a\000n\000c\000a\000n\000g\000a\000n\000\040\000S\000i\000s\000t\000e\000m}{subsection.0.11.4}% 42
\BOOKMARK [2][-]{subsection.0.14.1}{\376\377\000A\000r\000s\000i\000t\000e\000k\000t\000u\000r\000\040\000L\000o\000g\000i\000s}{section.0.14}% 43
\BOOKMARK [2][-]{subsection.0.14.2}{\376\377\000A\000r\000s\000i\000t\000e\000k\000t\000u\000r\000\040\000F\000i\000s\000i\000k}{section.0.14}% 44
\BOOKMARK [2][-]{subsection.0.14.3}{\376\377\000A\000r\000s\000i\000t\000e\000k\000t\000u\000r\000\040\000T\000e\000k\000n\000o\000l\000o\000g\000i}{section.0.14}% 45
\BOOKMARK [2][-]{subsection.0.14.4}{\376\377\000M\000o\000d\000u\000l\000\040\000U\000t\000a\000m\000a}{section.0.14}% 46
\BOOKMARK [2][-]{subsection.0.14.5}{\376\377\000S\000t\000r\000a\000t\000e\000g\000i\000\040\000D\000e\000s\000a\000i\000n}{section.0.14}% 47
\BOOKMARK [1][-]{section.0.15}{\376\377\000P\000e\000m\000o\000d\000e\000l\000a\000n\000\040\000S\000i\000s\000t\000e\000m}{subsection.0.11.4}% 48
\BOOKMARK [2][-]{subsection.0.15.1}{\376\377\000U\000s\000e\000\040\000C\000a\000s\000e}{section.0.15}% 49
\BOOKMARK [2][-]{subsection.0.15.2}{\376\377\000A\000c\000t\000i\000v\000i\000t\000y\000\040\000D\000i\000a\000g\000r\000a\000m}{section.0.15}% 50
\BOOKMARK [2][-]{subsection.0.15.3}{\376\377\000A\000c\000t\000i\000v\000i\000t\000y\000\040\000D\000i\000a\000g\000r\000a\000m\000\040\000P\000r\000o\000s\000e\000s\000\040\000P\000a\000y\000o\000u\000t}{section.0.15}% 51
\BOOKMARK [2][-]{subsection.0.15.4}{\376\377\000A\000c\000t\000i\000v\000i\000t\000y\000\040\000D\000i\000a\000g\000r\000a\000m\000\040\000F\000e\000e\000d\000b\000a\000c\000k}{section.0.15}% 52
\BOOKMARK [2][-]{subsection.0.15.5}{\376\377\000A\000c\000t\000i\000v\000i\000t\000y\000\040\000D\000i\000a\000g\000r\000a\000m\000\040\000L\000o\000g\000i\000n}{section.0.15}% 53
\BOOKMARK [2][-]{subsection.0.15.6}{\376\377\000A\000c\000t\000i\000v\000i\000t\000y\000\040\000D\000i\000a\000g\000r\000a\000m\000\040\000K\000e\000l\000o\000l\000a\000\040\000O\000v\000e\000r\000l\000a\000y}{section.0.15}% 54
\BOOKMARK [2][-]{subsection.0.15.7}{\376\377\000A\000c\000t\000i\000v\000i\000t\000y\000\040\000D\000i\000a\000g\000r\000a\000m\000\040\000K\000e\000l\000o\000l\000a\000\040\000P\000r\000o\000f\000i\000l}{section.0.15}% 55
\BOOKMARK [2][-]{subsection.0.15.8}{\376\377\000A\000c\000t\000i\000v\000i\000t\000y\000\040\000D\000i\000a\000g\000r\000a\000m\000\040\000R\000e\000q\000u\000e\000s\000t\000\040\000P\000a\000y\000o\000u\000t}{section.0.15}% 56
\BOOKMARK [2][-]{subsection.0.15.9}{\376\377\000A\000c\000t\000i\000v\000i\000t\000y\000\040\000D\000i\000a\000g\000r\000a\000m\000\040\000R\000i\000w\000a\000y\000a\000t\000\040\000D\000o\000n\000a\000s\000i}{section.0.15}% 57
\BOOKMARK [2][-]{subsection.0.15.10}{\376\377\000S\000e\000q\000u\000e\000n\000c\000e\000\040\000D\000i\000a\000g\000r\000a\000m}{section.0.15}% 58
\BOOKMARK [2][-]{subsection.0.15.11}{\376\377\000M\000o\000d\000e\000l\000\040\000K\000o\000l\000e\000k\000s\000i}{section.0.15}% 59
\BOOKMARK [2][-]{subsection.0.15.12}{\376\377\000G\000o\000p\000a\000y\000\040\000M\000e\000r\000c\000h\000a\000n\000t}{section.0.15}% 60
\BOOKMARK [2][-]{subsection.0.15.13}{\376\377\000P\000e\000r\000a\000n\000c\000a\000n\000g\000a\000n\000\040\000M\000e\000k\000a\000n\000i\000s\000m\000e\000\040\000M\000a\000c\000r\000o\000d\000r\000o\000i\000d\000\040\000T\000r\000i\000g\000g\000e\000r\000\040\000W\000e\000b\000h\000o\000o\000k}{section.0.15}% 61
\BOOKMARK [2][-]{subsection.0.15.14}{\376\377\000I\000n\000t\000e\000g\000r\000a\000s\000i\000\040\000P\000a\000y\000m\000e\000n\000t\000\040\000G\000a\000t\000e\000w\000a\000y\000\040\000M\000i\000d\000t\000r\000a\000n\000s}{section.0.15}% 62
\BOOKMARK [1][-]{section.0.16}{\376\377\000M\000e\000t\000o\000d\000e\000\040\000P\000e\000r\000a\000n\000c\000a\000n\000g\000a\000n\000\040\000T\000e\000k\000n\000i\000s}{subsection.0.11.4}% 63
\BOOKMARK [1][-]{section.0.17}{\376\377\000M\000e\000t\000o\000d\000e\000\040\000P\000e\000n\000g\000u\000j\000i\000a\000n}{subsection.0.11.4}% 64
\BOOKMARK [2][-]{subsection.0.17.1}{\376\377\000J\000e\000n\000i\000s\000\040\000P\000e\000n\000g\000u\000j\000i\000a\000n}{section.0.17}% 65
\BOOKMARK [2][-]{subsection.0.17.2}{\376\377\000S\000k\000e\000n\000a\000r\000i\000o\000\040\000P\000e\000n\000g\000u\000j\000i\000a\000n}{section.0.17}% 66
\BOOKMARK [2][-]{subsection.0.17.3}{\376\377\000A\000l\000a\000t\000\040\000P\000e\000n\000g\000u\000j\000i\000a\000n}{section.0.17}% 67
\BOOKMARK [1][-]{section.0.18}{\376\377\000E\000v\000a\000l\000u\000a\000s\000i\000\040\000K\000e\000b\000e\000r\000h\000a\000s\000i\000l\000a\000n}{subsection.0.11.4}% 68
\BOOKMARK [2][-]{subsection.0.18.1}{\376\377\000C\000a\000k\000u\000p\000a\000n\000\040\000P\000e\000n\000g\000u\000j\000i\000a\000n}{section.0.18}% 69
\BOOKMARK [2][-]{subsection.0.18.2}{\376\377\000H\000a\000s\000i\000l\000\040\000C\000o\000d\000e\000\040\000C\000o\000v\000e\000r\000a\000g\000e}{section.0.18}% 70
\BOOKMARK [2][-]{subsection.0.18.3}{\376\377\000I\000n\000t\000e\000r\000p\000r\000e\000t\000a\000s\000i\000\040\000d\000a\000n\000\040\000E\000v\000a\000l\000u\000a\000s\000i}{section.0.18}% 71
\BOOKMARK [2][-]{subsection.0.18.4}{\376\377\000K\000e\000s\000i\000m\000p\000u\000l\000a\000n\000\040\000E\000v\000a\000l\000u\000a\000s\000i}{section.0.18}% 72
\BOOKMARK [0][-]{subsection.0.18.4}{\376\377\000B\000A\000B\000\040\000I\000V\000\040\000H\000A\000S\000I\000L\000\040\000D\000A\000N\000\040\000P\000E\000M\000B\000A\000H\000A\000S\000A\000N}{}% 73
\BOOKMARK [1][-]{section.0.19}{\376\377\000H\000a\000l\000a\000m\000a\000n\000\040\000A\000u\000t\000e\000n\000t\000i\000k\000a\000s\000i}{subsection.0.18.4}% 74
\BOOKMARK [1][-]{section.0.20}{\376\377\000H\000a\000l\000a\000m\000a\000n\000\040\000D\000o\000n\000a\000s\000i}{subsection.0.18.4}% 75
\BOOKMARK [2][-]{subsection.0.20.1}{\376\377\000F\000o\000r\000m\000\040\000D\000o\000n\000a\000s\000i}{section.0.20}% 76
\BOOKMARK [2][-]{subsection.0.20.2}{\376\377\000P\000e\000m\000b\000a\000y\000a\000r\000a\000n\000\040\000D\000o\000n\000a\000s\000i\000\040\000M\000e\000n\000g\000g\000u\000n\000a\000k\000a\000n\000\040\000Q\000R\000I\000S\000\040\000G\000o\000p\000a\000y\000\040\000M\000e\000r\000c\000h\000a\000n\000t}{section.0.20}% 77
\BOOKMARK [2][-]{subsection.0.20.3}{\376\377\000H\000a\000l\000a\000m\000a\000n\000\040\000P\000e\000m\000b\000a\000y\000a\000r\000a\000n\000\040\000M\000i\000d\000t\000r\000a\000n\000s}{section.0.20}% 78
\BOOKMARK [2][-]{subsection.0.20.4}{\376\377\000F\000i\000t\000u\000r\000\040\000S\000h\000a\000r\000e\000l\000i\000n\000k\000\040\000D\000o\000n\000a\000s\000i}{section.0.20}% 79
\BOOKMARK [1][-]{section.0.21}{\376\377\000D\000a\000s\000h\000b\000o\000a\000r\000d\000\040\000K\000r\000e\000a\000t\000o\000r}{subsection.0.18.4}% 80
\BOOKMARK [1][-]{section.0.22}{\376\377\000H\000a\000l\000a\000m\000a\000n\000\040\000R\000e\000q\000u\000e\000s\000t\000\040\000P\000a\000y\000o\000u\000t}{subsection.0.18.4}% 81
\BOOKMARK [1][-]{section.0.23}{\376\377\000O\000v\000e\000r\000l\000a\000y}{subsection.0.18.4}% 82
\BOOKMARK [2][-]{subsection.0.23.1}{\376\377\000O\000v\000e\000r\000l\000a\000y\000\040\000N\000o\000t\000i\000f\000i\000k\000a\000s\000i\000\040\000D\000o\000n\000a\000s\000i}{section.0.23}% 83
\BOOKMARK [2][-]{subsection.0.23.2}{\376\377\000O\000v\000e\000r\000l\000a\000y\000\040\000M\000e\000d\000i\000a\000\040\000S\000h\000a\000r\000e}{section.0.23}% 84
\BOOKMARK [2][-]{subsection.0.23.3}{\376\377\000O\000v\000e\000r\000l\000a\000y\000\040\000Q\000R\000\040\000L\000i\000n\000k\000\040\000D\000o\000n\000a\000s\000i}{section.0.23}% 85
\BOOKMARK [2][-]{subsection.0.23.4}{\376\377\000O\000v\000e\000r\000l\000a\000y\000\040\000L\000e\000a\000d\000e\000r\000b\000o\000a\000r\000d}{section.0.23}% 86
\BOOKMARK [1][-]{section.0.24}{\376\377\000D\000a\000s\000h\000b\000o\000a\000r\000d\000\040\000A\000d\000m\000i\000n}{subsection.0.18.4}% 87
\BOOKMARK [2][-]{subsection.0.24.1}{\376\377\000H\000a\000l\000a\000m\000a\000n\000\040\000D\000a\000s\000h\000b\000o\000a\000r\000d}{section.0.24}% 88
\BOOKMARK [2][-]{subsection.0.24.2}{\376\377\000H\000a\000l\000a\000m\000a\000n\000\040\000C\000r\000e\000a\000t\000o\000r}{section.0.24}% 89
\BOOKMARK [2][-]{subsection.0.24.3}{\376\377\000H\000a\000l\000a\000m\000a\000n\000\040\000P\000a\000y\000o\000u\000t}{section.0.24}% 90
\BOOKMARK [1][-]{section.0.25}{\376\377\000S\000t\000r\000u\000k\000t\000u\000r\000\040\000B\000a\000s\000i\000s\000\040\000D\000a\000t\000a}{subsection.0.18.4}% 91
\BOOKMARK [0][-]{figure.caption.41}{\376\377\000B\000A\000B\000\040\000V\000\040\000K\000E\000S\000I\000M\000P\000U\000L\000A\000N\000\040\000D\000A\000N\000\040\000S\000A\000R\000A\000N}{}% 92
\BOOKMARK [1][-]{section.0.26}{\376\377\000K\000e\000s\000i\000m\000p\000u\000l\000a\000n}{figure.caption.41}% 93
\BOOKMARK [0][-]{chapter*.42}{\376\377\000B\000i\000b\000l\000i\000o\000g\000r\000a\000f\000i}{}% 94
